<?xml version="1.0" encoding="UTF-8"?>
<!-- Generated by org.testng.reporters.JUnitXMLReporter -->
<testsuite hostname="Admin-PC" ignored="1" name="Default test" tests="1" failures="0" timestamp="24 Dec 2018 04:26:46 GMT" time="22.717" errors="0">
  <testcase name="CreateManualAsset" time="0.0" classname="com.uno.test.sd.SD_AssetDetailsTest">
    <skipped/>
  </testcase> <!-- CreateManualAsset -->
  <testcase name="checkCustomerAddress" time="0.0" classname="com.uno.test.sd.SD_AssetDetailsTest">
    <ignored/>
  </testcase> <!-- checkCustomerAddress -->
</testsuite> <!-- Default test -->
